<?xml version="1.0" encoding="UTF-8"?>
<!-- Generated by org.testng.reporters.JUnitXMLReporter -->
<testsuite ignored="0" hostname="DESKTOP-AC3HAGA" failures="0" tests="9" name="Default test" time="0.176" errors="0" timestamp="2022-03-09T14:05:52 GMT">
  <testcase classname="Utilities.BaseClass" name="@BeforeTest setup" time="-1.646834752258E9">
    <failure type="org.testng.TestNGException" message="
Parameter &amp;apos;browser&amp;apos; is required by BeforeTest on method setup but has not been marked @Optional or defined
in C:\Users\T520\AppData\Local\Temp\testng-eclipse-722911288\testng-customsuite.xml">
      <![CDATA[org.testng.TestNGException: 
Parameter 'browser' is required by BeforeTest on method setup but has not been marked @Optional or defined
in C:\Users\T520\AppData\Local\Temp\testng-eclipse-722911288\testng-customsuite.xml
at org.testng.internal.Parameters.createParams(Parameters.java:270)
at org.testng.internal.Parameters.createParametersForMethod(Parameters.java:358)
at org.testng.internal.Parameters.createParameters(Parameters.java:700)
at org.testng.internal.Parameters.createConfigurationParameters(Parameters.java:168)
at org.testng.internal.ConfigInvoker.invokeConfigurations(ConfigInvoker.java:302)
at org.testng.TestRunner.invokeTestConfigurations(TestRunner.java:637)
at org.testng.TestRunner.beforeRun(TestRunner.java:627)
at org.testng.TestRunner.run(TestRunner.java:589)
at org.testng.SuiteRunner.runTest(SuiteRunner.java:377)
at org.testng.SuiteRunner.runSequentially(SuiteRunner.java:371)
at org.testng.SuiteRunner.privateRun(SuiteRunner.java:332)
at org.testng.SuiteRunner.run(SuiteRunner.java:276)
at org.testng.SuiteRunnerWorker.runSuite(SuiteRunnerWorker.java:53)
at org.testng.SuiteRunnerWorker.run(SuiteRunnerWorker.java:96)
at org.testng.TestNG.runSuitesSequentially(TestNG.java:1212)
at org.testng.TestNG.runSuitesLocally(TestNG.java:1134)
at org.testng.TestNG.runSuites(TestNG.java:1063)
at org.testng.TestNG.run(TestNG.java:1031)
at org.testng.remote.AbstractRemoteTestNG.run(AbstractRemoteTestNG.java:115)
at org.testng.remote.RemoteTestNG.initAndRun(RemoteTestNG.java:251)
at org.testng.remote.RemoteTestNG.main(RemoteTestNG.java:77)
]]>
    </failure>
  </testcase> <!-- @BeforeTest setup -->
  <testcase classname="Utilities.BaseClass" name="@AfterTest tearDown" time="-1.646834752419E9">
    <skipped/>
  </testcase> <!-- @AfterTest tearDown -->
  <testcase classname="Components.Travel2" name="GetQuoteTest" time="0.0">
    <skipped/>
  </testcase> <!-- GetQuoteTest -->
  <testcase classname="Components.Travel2" name="PreExistingMedicalQuesTest" time="0.0">
    <skipped/>
  </testcase> <!-- PreExistingMedicalQuesTest -->
  <testcase classname="Components.Travel2" name="Details" time="0.0">
    <skipped/>
  </testcase> <!-- Details -->
  <testcase classname="Components.Travel2" name="StartScreening" time="0.0">
    <skipped/>
  </testcase> <!-- StartScreening -->
  <testcase classname="Components.Travel2" name="MedicalScreening" time="0.0">
    <skipped/>
  </testcase> <!-- MedicalScreening -->
  <testcase classname="Components.Travel2" name="MedicalProceed" time="0.0">
    <skipped/>
  </testcase> <!-- MedicalProceed -->
  <testcase classname="Components.Travel2" name="ChooseCover" time="0.0">
    <skipped/>
  </testcase> <!-- ChooseCover -->
  <testcase classname="Components.Travel2" name="NextPayment" time="0.0">
    <skipped/>
  </testcase> <!-- NextPayment -->
  <testcase classname="Components.Travel2" name="Payment" time="0.0">
    <skipped/>
  </testcase> <!-- Payment -->
</testsuite> <!-- Default test -->
